# project PyInstallerBootloader (nodist) configured on Wed May 25 15:36:15 2022 by
# waf 2.0.20 (abi 20, python 30a01f0 on win32)
# using waf all
#
----------------------------------------
Setting top to
C:\Users\Sauhard Gaming\Desktop\Test\pyinstaller\bootloader
----------------------------------------
Setting out to
C:\Users\Sauhard Gaming\Desktop\Test\pyinstaller\bootloader\build
----------------------------------------
Python Version
3.10.1 (tags/v3.10.1:2cd268a, Dec  6 2021, 19:10:37) [MSC v.1929 64 bit (AMD64)]
----------------------------------------
Checking for 'msvc' (C compiler)
['C:\\Program Files (x86)\\Microsoft Visual Studio\\Installer\\vswhere.exe', '-products', '*', '-legacy', '-format', 'json']
out: [
  {
    "instanceId": "54764be4",
    "installDate": "2022-03-04T04:17:29Z",
    "installationName": "VisualStudio/15.9.44+28307.1800",
    "installationPath": "C:\\Program Files (x86)\\Microsoft Visual Studio\\2017\\Community",
    "installationVersion": "15.9.28307.1800",
    "productId": "Microsoft.VisualStudio.Product.Community",
    "productPath": "C:\\Program Files (x86)\\Microsoft Visual Studio\\2017\\Community\\Common7\\IDE\\devenv.exe",
    "state": 4294967295,
    "isComplete": true,
    "isLaunchable": true,
    "isPrerelease": false,
    "isRebootRequired": false,
    "displayName": "Visual Studio Community 2017",
    "description": "Free, fully-featured IDE for students, open-source and individual developers",
    "channelId": "VisualStudio.15.Release",
    "channelUri": "https://aka.ms/vs/15/release/channel",
    "enginePath": "C:\\Program Files (x86)\\Microsoft Visual Studio\\Installer\\resources\\app\\ServiceHub\\Services\\Microsoft.VisualStudio.Setup.Service",
    "releaseNotes": "https://go.microsoft.com/fwlink/?LinkId=660692#15.9.44",
    "thirdPartyNotices": "https://go.microsoft.com/fwlink/?LinkId=660708",
    "updateDate": "2022-03-04T04:17:29.653198Z",
    "catalog": {
      "buildBranch": "d15.9",
      "buildVersion": "15.9.28307.1800",
      "id": "VisualStudio/15.9.44+28307.1800",
      "localBuild": "build-lab",
      "manifestName": "VisualStudio",
      "manifestType": "installer",
      "productDisplayVersion": "15.9.44",
      "productLine": "Dev15",
      "productLineVersion": "2017",
      "productMilestone": "RTW",
      "productMilestoneIsPreRelease": "False",
      "productName": "Visual Studio",
      "productPatchVersion": "44",
      "productPreReleaseMilestoneSuffix": "1.0",
      "productRelease": "RTW",
      "productSemanticVersion": "15.9.44+28307.1800",
      "requiredEngineVersion": "1.18.1063.29791"
    },
    "properties": {
      "campaignId": "",
      "canceled": "0",
      "channelManifestId": "VisualStudio.15.Release/15.9.44+28307.1800",
      "nickname": "",
      "setupEngineFilePath": "C:\\Program Files (x86)\\Microsoft Visual Studio\\Installer\\setup.exe"
    }
  }
]

from C:\Users\Sauhard Gaming\Desktop\Test\pyinstaller\bootloader: msvc: Impossible to find a valid architecture for building [] - []
not found
----------------------------------------
Checking for 'gcc' (C compiler)
find program=['gcc', 'cc'] paths=['C:\\WINDOWS\\system32', 'C:\\WINDOWS', 'C:\\WINDOWS\\system32\\Wbem', 'C:\\Program Files\\Common Files\\Oracle\\Java\\javapath', 'C:\\Program Files (x86)\\Common Files\\Intel\\Shared Libraries\\redist\\intel64\\compiler', 'C:\\Program Files (x86)\\Common Files\\Oracle\\Java\\javapath', 'C:\\WINDOWS\\System32\\WindowsPowerShell\\v1.0\\', 'C:\\WINDOWS\\System32\\OpenSSH\\', 'C:\\Program Files\\nodejs\\', 'C:\\Program Files\\Microsoft\\Web Platform Installer\\', 'C:\\Program Files (x86)\\Microsoft ASP.NET\\ASP.NET Web Pages\\v1.0\\', 'C:\\Program Files\\Microsoft SQL Server\\110\\Tools\\Binn\\', 'C:\\Program Files\\Git\\cmd', 'C:\\Program Files\\Microsoft Network Monitor 3\\', 'C:\\Program Files\\dotnet\\', 'C:\\Program Files\\Go\\bin', 'C:\\MinGw', 'C:\\MinGw\\bin', 'C:\\Ruby31-x64\\bin', 'C:\\Users\\Sauhard Gaming\\.cargo\\bin', 'C:\\Users\\Sauhard Gaming\\AppData\\Local\\Programs\\Python\\Python310\\Scripts\\', 'C:\\Users\\Sauhard Gaming\\AppData\\Local\\Programs\\Python\\Python310\\', 'C:\\ffmpeg\\bin', 'C:\\Users\\Sauhard Gaming\\AppData\\Local\\Microsoft\\WindowsApps', 'C:\\Users\\Sauhard Gaming\\AppData\\Roaming\\npm', 'C:\\Program Files (x86)\\FreeArc\\bin', 'C:\\Program Files\\JetBrains\\PyCharm Community Edition 2021.2.2\\bin', 'C:\\Users\\Sauhard Gaming\\AppData\\Local\\Programs\\Fiddler', 'C:\\Program Files\\Java\\jdk-17\\bin', 'C:\\Program Files (x86)\\Microsoft Visual Studio\\2017\\Community\\MSBuild\\15.0\\Bin\\Roslyn', 'C:\\Users\\Sauhard Gaming\\.dotnet\\tools', 'C:\\Users\\Sauhard Gaming\\AppData\\Local\\Programs\\Microsoft VS Code\\bin', 'C:\\MinGW\\bin\\', 'C:\\Windows\\ADB', 'C:\\Users\\Sauhard Gaming\\go\\bin'] var='CC' -> ['C:\\MinGw\\bin\\gcc.exe']
['C:\\MinGw\\bin\\gcc.exe', '-dM', '-E', '-']
out: #define __DBL_MIN_EXP__ (-1021)
#define __FLT32X_MAX_EXP__ 1024
#define __UINT_LEAST16_MAX__ 0xffff
#define __ATOMIC_ACQUIRE 2
#define __FLT128_MAX_10_EXP__ 4932
#define __FLT_MIN__ 1.17549435082228750796873653722224568e-38F
#define __GCC_IEC_559_COMPLEX 2
#define __UINT_LEAST8_TYPE__ unsigned char
#define __SIZEOF_FLOAT80__ 16
#define _WIN32 1
#define __INTMAX_C(c) c ## LL
#define __CHAR_BIT__ 8
#define __UINT8_MAX__ 0xff
#define _WIN64 1
#define __WINT_MAX__ 0xffff
#define __FLT32_MIN_EXP__ (-125)
#define __ORDER_LITTLE_ENDIAN__ 1234
#define __SIZE_MAX__ 0xffffffffffffffffULL
#define __WCHAR_MAX__ 0xffff
#define __GCC_HAVE_SYNC_COMPARE_AND_SWAP_1 1
#define __GCC_HAVE_SYNC_COMPARE_AND_SWAP_2 1
#define __GCC_HAVE_SYNC_COMPARE_AND_SWAP_4 1
#define __DBL_DENORM_MIN__ ((double)4.94065645841246544176568792868221372e-324L)
#define __GCC_HAVE_SYNC_COMPARE_AND_SWAP_8 1
#define __GCC_ATOMIC_CHAR_LOCK_FREE 2
#define __GCC_IEC_559 2
#define __FLT32X_DECIMAL_DIG__ 17
#define __FLT_EVAL_METHOD__ 0
#define __FLT64_DECIMAL_DIG__ 17
#define __GCC_ATOMIC_CHAR32_T_LOCK_FREE 2
#define __x86_64 1
#define __UINT_FAST64_MAX__ 0xffffffffffffffffULL
#define __SIG_ATOMIC_TYPE__ int
#define __DBL_MIN_10_EXP__ (-307)
#define __FINITE_MATH_ONLY__ 0
#define __GNUC_PATCHLEVEL__ 0
#define __FLT32_HAS_DENORM__ 1
#define __UINT_FAST8_MAX__ 0xff
#define __has_include(STR) __has_include__(STR)
#define _stdcall __attribute__((__stdcall__))
#define __DEC64_MAX_EXP__ 385
#define __INT8_C(c) c
#define __INT_LEAST8_WIDTH__ 8
#define __UINT_LEAST64_MAX__ 0xffffffffffffffffULL
#define __SHRT_MAX__ 0x7fff
#define __LDBL_MAX__ 1.18973149535723176502126385303097021e+4932L
#define __FLT64X_MAX_10_EXP__ 4932
#define __UINT_LEAST8_MAX__ 0xff
#define __GCC_ATOMIC_BOOL_LOCK_FREE 2
#define __FLT128_DENORM_MIN__ 6.47517511943802511092443895822764655e-4966F128
#define __UINTMAX_TYPE__ long long unsigned int
#define __DEC32_EPSILON__ 1E-6DF
#define __FLT_EVAL_METHOD_TS_18661_3__ 0
#define __UINT32_MAX__ 0xffffffffU
#define __LDBL_MAX_EXP__ 16384
#define __FLT128_MIN_EXP__ (-16381)
#define __WINT_MIN__ 0
#define __FLT128_MIN_10_EXP__ (-4931)
#define __INT_LEAST16_WIDTH__ 16
#define __SCHAR_MAX__ 0x7f
#define __FLT128_MANT_DIG__ 113
#define __WCHAR_MIN__ 0
#define __INT64_C(c) c ## LL
#define __DBL_DIG__ 15
#define __GCC_ATOMIC_POINTER_LOCK_FREE 2
#define __FLT64X_MANT_DIG__ 64
#define __SIZEOF_INT__ 4
#define __SIZEOF_POINTER__ 8
#define __USER_LABEL_PREFIX__ 
#define __FLT64X_EPSILON__ 1.08420217248550443400745280086994171e-19F64x
#define __STDC_HOSTED__ 1
#define __WIN32 1
#define __LDBL_HAS_INFINITY__ 1
#define __WIN64 1
#define __FLT32_DIG__ 6
#define __FLT_EPSILON__ 1.19209289550781250000000000000000000e-7F
#define __SHRT_WIDTH__ 16
#define __LDBL_MIN__ 3.36210314311209350626267781732175260e-4932L
#define __STDC_UTF_16__ 1
#define __DEC32_MAX__ 9.999999E96DF
#define __FLT64X_DENORM_MIN__ 3.64519953188247460252840593361941982e-4951F64x
#define __MINGW32__ 1
#define __FLT32X_HAS_INFINITY__ 1
#define __INT32_MAX__ 0x7fffffff
#define __INT_WIDTH__ 32
#define __SIZEOF_LONG__ 4
#define __UINT16_C(c) c
#define __PTRDIFF_WIDTH__ 64
#define __DECIMAL_DIG__ 21
#define __FLT64_EPSILON__ 2.22044604925031308084726333618164062e-16F64
#define __INTMAX_WIDTH__ 64
#define __has_include_next(STR) __has_include_next__(STR)
#define __FLT64X_MIN_10_EXP__ (-4931)
#define __LDBL_HAS_QUIET_NAN__ 1
#define __FLT64_MANT_DIG__ 53
#define __GNUC__ 8
#define _cdecl __attribute__((__cdecl__))
#define __MMX__ 1
#define __FLT_HAS_DENORM__ 1
#define __SIZEOF_LONG_DOUBLE__ 16
#define __BIGGEST_ALIGNMENT__ 16
#define __FLT64_MAX_10_EXP__ 308
#define __DBL_MAX__ ((double)1.79769313486231570814527423731704357e+308L)
#define _thiscall __attribute__((__thiscall__))
#define __INT_FAST32_MAX__ 0x7fffffff
#define __WINNT 1
#define __DBL_HAS_INFINITY__ 1
#define __WINNT__ 1
#define __DEC32_MIN_EXP__ (-94)
#define __INTPTR_WIDTH__ 64
#define __FLT32X_HAS_DENORM__ 1
#define __INT_FAST16_TYPE__ short int
#define _fastcall __attribute__((__fastcall__))
#define __LDBL_HAS_DENORM__ 1
#define __FLT128_HAS_INFINITY__ 1
#define __DEC128_MAX__ 9.999999999999999999999999999999999E6144DL
#define __INT_LEAST32_MAX__ 0x7fffffff
#define __USING_SJLJ_EXCEPTIONS__ 1
#define __DEC32_MIN__ 1E-95DF
#define __DBL_MAX_EXP__ 1024
#define __WCHAR_WIDTH__ 16
#define __FLT32_MAX__ 3.40282346638528859811704183484516925e+38F32
#define __DEC128_EPSILON__ 1E-33DL
#define __SSE2_MATH__ 1
#define __ATOMIC_HLE_RELEASE 131072
#define __WIN32__ 1
#define __PTRDIFF_MAX__ 0x7fffffffffffffffLL
#define __amd64 1
#define __tune_core2__ 1
#define __ATOMIC_HLE_ACQUIRE 65536
#define __FLT32_HAS_QUIET_NAN__ 1
#define __LONG_LONG_MAX__ 0x7fffffffffffffffLL
#define __SIZEOF_SIZE_T__ 8
#define __FLT64X_MIN_EXP__ (-16381)
#define __SIZEOF_WINT_T__ 2
#define __LONG_LONG_WIDTH__ 64
#define __FLT32_MAX_EXP__ 128
#define __GXX_ABI_VERSION 1012
#define __FLT_MIN_EXP__ (-125)
#define __FLT64X_HAS_QUIET_NAN__ 1
#define __INT_FAST64_TYPE__ long long int
#define __FLT64_DENORM_MIN__ 4.94065645841246544176568792868221372e-324F64
#define __DBL_MIN__ ((double)2.22507385850720138309023271733240406e-308L)
#define __FLT32X_EPSILON__ 2.22044604925031308084726333618164062e-16F32x
#define __DECIMAL_BID_FORMAT__ 1
#define __FLT64_MIN_EXP__ (-1021)
#define __GXX_TYPEINFO_EQUALITY_INLINE 0
#define __FLT64_MIN_10_EXP__ (-307)
#define __FLT64X_DECIMAL_DIG__ 21
#define __DEC128_MIN__ 1E-6143DL
#define __REGISTER_PREFIX__ 
#define __UINT16_MAX__ 0xffff
#define __DBL_HAS_DENORM__ 1
#define __cdecl __attribute__((__cdecl__))
#define __FLT32_MIN__ 1.17549435082228750796873653722224568e-38F32
#define __UINT8_TYPE__ unsigned char
#define __NO_INLINE__ 1
#define __FLT_MANT_DIG__ 24
#define __LDBL_DECIMAL_DIG__ 21
#define __VERSION__ "8.1.0"
#define __UINT64_C(c) c ## ULL
#define __GCC_ATOMIC_INT_LOCK_FREE 2
#define __FLT128_MAX_EXP__ 16384
#define __FLT32_MANT_DIG__ 24
#define __FLOAT_WORD_ORDER__ __ORDER_LITTLE_ENDIAN__
#define __FLT128_HAS_DENORM__ 1
#define __FLT128_DIG__ 33
#define __SCHAR_WIDTH__ 8
#define __INT32_C(c) c
#define __DEC64_EPSILON__ 1E-15DD
#define __ORDER_PDP_ENDIAN__ 3412
#define __DEC128_MIN_EXP__ (-6142)
#define __FLT32_MAX_10_EXP__ 38
#define __INT_FAST32_TYPE__ int
#define __UINT_LEAST16_TYPE__ short unsigned int
#define __FLT64X_HAS_INFINITY__ 1
#define __INT16_MAX__ 0x7fff
#define __SIZE_TYPE__ long long unsigned int
#define __UINT64_MAX__ 0xffffffffffffffffULL
#define __FLT64X_DIG__ 18
#define __INT8_TYPE__ signed char
#define __GCC_ASM_FLAG_OUTPUTS__ 1
#define __FLT_RADIX__ 2
#define __INT_LEAST16_TYPE__ short int
#define __LDBL_EPSILON__ 1.08420217248550443400745280086994171e-19L
#define __UINTMAX_C(c) c ## ULL
#define __SSE_MATH__ 1
#define __SEH__ 1
#define __SIG_ATOMIC_MAX__ 0x7fffffff
#define __GCC_ATOMIC_WCHAR_T_LOCK_FREE 2
#define __SIZEOF_PTRDIFF_T__ 8
#define __FLT32X_MANT_DIG__ 53
#define __x86_64__ 1
#define __FLT32X_MIN_EXP__ (-1021)
#define __DEC32_SUBNORMAL_MIN__ 0.000001E-95DF
#define __MSVCRT__ 1
#define __INT_FAST16_MAX__ 0x7fff
#define __FLT64_DIG__ 15
#define __UINT_FAST32_MAX__ 0xffffffffU
#define __UINT_LEAST64_TYPE__ long long unsigned int
#define __FLT_HAS_QUIET_NAN__ 1
#define __FLT_MAX_10_EXP__ 38
#define __LONG_MAX__ 0x7fffffffL
#define __FLT64X_HAS_DENORM__ 1
#define __DEC128_SUBNORMAL_MIN__ 0.000000000000000000000000000000001E-6143DL
#define __FLT_HAS_INFINITY__ 1
#define __UINT_FAST16_TYPE__ short unsigned int
#define __DEC64_MAX__ 9.999999999999999E384DD
#define __INT_FAST32_WIDTH__ 32
#define __CHAR16_TYPE__ short unsigned int
#define __PRAGMA_REDEFINE_EXTNAME 1
#define __SIZE_WIDTH__ 64
#define __SEG_FS 1
#define __INT_LEAST16_MAX__ 0x7fff
#define __DEC64_MANT_DIG__ 16
#define __INT64_MAX__ 0x7fffffffffffffffLL
#define __UINT_LEAST32_MAX__ 0xffffffffU
#define __SEG_GS 1
#define __FLT32_DENORM_MIN__ 1.40129846432481707092372958328991613e-45F32
#define __GCC_ATOMIC_LONG_LOCK_FREE 2
#define __SIG_ATOMIC_WIDTH__ 32
#define __INT_LEAST64_TYPE__ long long int
#define __INT16_TYPE__ short int
#define __INT_LEAST8_TYPE__ signed char
#define __STDC_VERSION__ 201710L
#define __DEC32_MAX_EXP__ 97
#define __INT_FAST8_MAX__ 0x7f
#define __FLT128_MAX__ 1.18973149535723176508575932662800702e+4932F128
#define __INTPTR_MAX__ 0x7fffffffffffffffLL
#define __GXX_MERGED_TYPEINFO_NAMES 0
#define __FLT64_HAS_QUIET_NAN__ 1
#define __stdcall __attribute__((__stdcall__))
#define __FLT32_MIN_10_EXP__ (-37)
#define __SSE2__ 1
#define __FLT32X_DIG__ 15
#define __LDBL_MANT_DIG__ 64
#define __DBL_HAS_QUIET_NAN__ 1
#define __FLT64_HAS_INFINITY__ 1
#define __FLT64X_MAX__ 1.18973149535723176502126385303097021e+4932F64x
#define __SIG_ATOMIC_MIN__ (-__SIG_ATOMIC_MAX__ - 1)
#define __INTPTR_TYPE__ long long int
#define __UINT16_TYPE__ short unsigned int
#define __WCHAR_TYPE__ short unsigned int
#define __SIZEOF_FLOAT__ 4
#define __pic__ 1
#define __UINTPTR_MAX__ 0xffffffffffffffffULL
#define __INT_FAST64_WIDTH__ 64
#define __DEC64_MIN_EXP__ (-382)
#define __FLT32_DECIMAL_DIG__ 9
#define __INT_FAST64_MAX__ 0x7fffffffffffffffLL
#define __GCC_ATOMIC_TEST_AND_SET_TRUEVAL 1
#define __FLT_DIG__ 6
#define __FLT32_HAS_INFINITY__ 1
#define __FLT64X_MAX_EXP__ 16384
#define __UINT_FAST64_TYPE__ long long unsigned int
#define __INT_MAX__ 0x7fffffff
#define __amd64__ 1
#define WIN32 1
#define __nocona 1
#define __code_model_medium__ 1
#define __INT64_TYPE__ long long int
#define __FLT_MAX_EXP__ 128
#define WIN64 1
#define __ORDER_BIG_ENDIAN__ 4321
#define __DBL_MANT_DIG__ 53
#define __SIZEOF_FLOAT128__ 16
#define __INT_LEAST64_MAX__ 0x7fffffffffffffffLL
#define __GCC_ATOMIC_CHAR16_T_LOCK_FREE 2
#define __DEC64_MIN__ 1E-383DD
#define __WINT_TYPE__ short unsigned int
#define __UINT_LEAST32_TYPE__ unsigned int
#define __SIZEOF_SHORT__ 2
#define __SSE__ 1
#define __LDBL_MIN_EXP__ (-16381)
#define __FLT64_MAX__ 1.79769313486231570814527423731704357e+308F64
#define __WINT_WIDTH__ 16
#define __INT_LEAST8_MAX__ 0x7f
#define __FLT32X_MAX_10_EXP__ 308
#define __SIZEOF_INT128__ 16
#define __LDBL_MAX_10_EXP__ 4932
#define __ATOMIC_RELAXED 0
#define __DBL_EPSILON__ ((double)2.22044604925031308084726333618164062e-16L)
#define __thiscall __attribute__((__thiscall__))
#define __FLT128_MIN__ 3.36210314311209350626267781732175260e-4932F128
#define __UINT8_C(c) c
#define __FLT64_MAX_EXP__ 1024
#define __INT_LEAST32_TYPE__ int
#define __SIZEOF_WCHAR_T__ 2
#define __UINT64_TYPE__ long long unsigned int
#define __FLT128_HAS_QUIET_NAN__ 1
#define __INT_FAST8_TYPE__ signed char
#define __fastcall __attribute__((__fastcall__))
#define __FLT64X_MIN__ 3.36210314311209350626267781732175260e-4932F64x
#define __GNUC_STDC_INLINE__ 1
#define __FLT64_HAS_DENORM__ 1
#define __FLT32_EPSILON__ 1.19209289550781250000000000000000000e-7F32
#define __DBL_DECIMAL_DIG__ 17
#define __STDC_UTF_32__ 1
#define __INT_FAST8_WIDTH__ 8
#define __FXSR__ 1
#define __DEC_EVAL_METHOD__ 2
#define __FLT32X_MAX__ 1.79769313486231570814527423731704357e+308F32x
#define __MINGW64__ 1
#define __UINT32_C(c) c ## U
#define __INTMAX_MAX__ 0x7fffffffffffffffLL
#define __BYTE_ORDER__ __ORDER_LITTLE_ENDIAN__
#define WINNT 1
#define __FLT_DENORM_MIN__ 1.40129846432481707092372958328991613e-45F
#define __INT8_MAX__ 0x7f
#define __LONG_WIDTH__ 32
#define __PIC__ 1
#define __UINT_FAST32_TYPE__ unsigned int
#define __CHAR32_TYPE__ unsigned int
#define __FLT_MAX__ 3.40282346638528859811704183484516925e+38F
#define __INT32_TYPE__ int
#define __SIZEOF_DOUBLE__ 8
#define __FLT_MIN_10_EXP__ (-37)
#define __FLT64_MIN__ 2.22507385850720138309023271733240406e-308F64
#define __INT_LEAST32_WIDTH__ 32
#define __INTMAX_TYPE__ long long int
#define _INTEGRAL_MAX_BITS 64
#define __DEC128_MAX_EXP__ 6145
#define __FLT32X_HAS_QUIET_NAN__ 1
#define __ATOMIC_CONSUME 1
#define __nocona__ 1
#define __GNUC_MINOR__ 1
#define __INT_FAST16_WIDTH__ 16
#define __UINTMAX_MAX__ 0xffffffffffffffffULL
#define __DEC32_MANT_DIG__ 7
#define __FLT32X_DENORM_MIN__ 4.94065645841246544176568792868221372e-324F32x
#define __DBL_MAX_10_EXP__ 308
#define __LDBL_DENORM_MIN__ 3.64519953188247460252840593361941982e-4951L
#define __INT16_C(c) c
#define __STDC__ 1
#define __PTRDIFF_TYPE__ long long int
#define __ATOMIC_SEQ_CST 5
#define __GCC_HAVE_SYNC_COMPARE_AND_SWAP_16 1
#define __UINT32_TYPE__ unsigned int
#define __FLT32X_MIN_10_EXP__ (-307)
#define __UINTPTR_TYPE__ long long unsigned int
#define __DEC64_SUBNORMAL_MIN__ 0.000000000000001E-383DD
#define __DEC128_MANT_DIG__ 34
#define __LDBL_MIN_10_EXP__ (-4931)
#define __FLT128_EPSILON__ 1.92592994438723585305597794258492732e-34F128
#define __SIZEOF_LONG_LONG__ 8
#define __FLT128_DECIMAL_DIG__ 36
#define __GCC_ATOMIC_LLONG_LOCK_FREE 2
#define __FLT32X_MIN__ 2.22507385850720138309023271733240406e-308F32x
#define __LDBL_DIG__ 18
#define __FLT_DECIMAL_DIG__ 9
#define __UINT_FAST16_MAX__ 0xffff
#define __GCC_ATOMIC_SHORT_LOCK_FREE 2
#define __INT_LEAST64_WIDTH__ 64
#define __SSE3__ 1
#define __UINT_FAST8_TYPE__ unsigned char
#define __WIN64__ 1
#define __ATOMIC_ACQ_REL 4
#define __ATOMIC_RELEASE 3
#define __declspec(x) __attribute__((x))

find program=['ar'] paths=['C:\\WINDOWS\\system32', 'C:\\WINDOWS', 'C:\\WINDOWS\\system32\\Wbem', 'C:\\Program Files\\Common Files\\Oracle\\Java\\javapath', 'C:\\Program Files (x86)\\Common Files\\Intel\\Shared Libraries\\redist\\intel64\\compiler', 'C:\\Program Files (x86)\\Common Files\\Oracle\\Java\\javapath', 'C:\\WINDOWS\\System32\\WindowsPowerShell\\v1.0\\', 'C:\\WINDOWS\\System32\\OpenSSH\\', 'C:\\Program Files\\nodejs\\', 'C:\\Program Files\\Microsoft\\Web Platform Installer\\', 'C:\\Program Files (x86)\\Microsoft ASP.NET\\ASP.NET Web Pages\\v1.0\\', 'C:\\Program Files\\Microsoft SQL Server\\110\\Tools\\Binn\\', 'C:\\Program Files\\Git\\cmd', 'C:\\Program Files\\Microsoft Network Monitor 3\\', 'C:\\Program Files\\dotnet\\', 'C:\\Program Files\\Go\\bin', 'C:\\MinGw', 'C:\\MinGw\\bin', 'C:\\Ruby31-x64\\bin', 'C:\\Users\\Sauhard Gaming\\.cargo\\bin', 'C:\\Users\\Sauhard Gaming\\AppData\\Local\\Programs\\Python\\Python310\\Scripts\\', 'C:\\Users\\Sauhard Gaming\\AppData\\Local\\Programs\\Python\\Python310\\', 'C:\\ffmpeg\\bin', 'C:\\Users\\Sauhard Gaming\\AppData\\Local\\Microsoft\\WindowsApps', 'C:\\Users\\Sauhard Gaming\\AppData\\Roaming\\npm', 'C:\\Program Files (x86)\\FreeArc\\bin', 'C:\\Program Files\\JetBrains\\PyCharm Community Edition 2021.2.2\\bin', 'C:\\Users\\Sauhard Gaming\\AppData\\Local\\Programs\\Fiddler', 'C:\\Program Files\\Java\\jdk-17\\bin', 'C:\\Program Files (x86)\\Microsoft Visual Studio\\2017\\Community\\MSBuild\\15.0\\Bin\\Roslyn', 'C:\\Users\\Sauhard Gaming\\.dotnet\\tools', 'C:\\Users\\Sauhard Gaming\\AppData\\Local\\Programs\\Microsoft VS Code\\bin', 'C:\\MinGW\\bin\\', 'C:\\Windows\\ADB', 'C:\\Users\\Sauhard Gaming\\go\\bin'] var='AR' -> ['C:\\MinGw\\bin\\ar.exe']
C:\MinGw\bin\gcc.exe
----------------------------------------
Checking size of pointer
==>

        int main() {
            static int test_array[1 - 2 * !(sizeof(void *) == 4)];
            test_array[0] = 0;
            return 0;
        }
<==
[1/2] Compiling [32mbuild\conf_check_872c286f38df153a24ac5bcfe41e9b63\test.c[0m

['C:\\MinGw\\bin\\gcc.exe', '..\\test.c', '-c', '-oC:\\Users\\Sauhard Gaming\\Desktop\\Test\\pyinstaller\\bootloader\\build\\conf_check_872c286f38df153a24ac5bcfe41e9b63\\testbuild\\test.c.1.o']
err: ..\test.c: In function 'main':
..\test.c:3:24: error: size of array 'test_array' is negative
             static int test_array[1 - 2 * !(sizeof(void *) == 4)];
                        ^~~~~~~~~~

from C:\Users\Sauhard Gaming\Desktop\Test\pyinstaller\bootloader: Test does not build: Traceback (most recent call last):
  File "C:\Users\Sauhard Gaming\Desktop\Test\pyinstaller\bootloader\waflib\Configure.py", line 383, in run_build
    bld.compile()
  File "C:\Users\Sauhard Gaming\Desktop\Test\pyinstaller\bootloader\waflib\Build.py", line 191, in compile
    raise Errors.BuildError(self.producer.error)
waflib.Errors.BuildError: Build failed
 -> task in 'testprog' failed with exit status 1 (run with -v to display more information)

from C:\Users\Sauhard Gaming\Desktop\Test\pyinstaller\bootloader: The configuration failed
==>

        int main() {
            static int test_array[1 - 2 * !(sizeof(void *) == 8)];
            test_array[0] = 0;
            return 0;
        }
<==
[1/2] Compiling [32mbuild\conf_check_a8ad87771e9a4b2c98c8c0c285bcd21b\test.c[0m

['C:\\MinGw\\bin\\gcc.exe', '..\\test.c', '-c', '-oC:\\Users\\Sauhard Gaming\\Desktop\\Test\\pyinstaller\\bootloader\\build\\conf_check_a8ad87771e9a4b2c98c8c0c285bcd21b\\testbuild\\test.c.1.o']
[2/2] Linking [33mbuild\conf_check_a8ad87771e9a4b2c98c8c0c285bcd21b\testbuild\testprog.exe[0m

['C:\\MinGw\\bin\\gcc.exe', '-Wl,--enable-auto-import', 'test.c.1.o', '-oC:\\Users\\Sauhard Gaming\\Desktop\\Test\\pyinstaller\\bootloader\\build\\conf_check_a8ad87771e9a4b2c98c8c0c285bcd21b\\testbuild\\testprog.exe', '-Wl,-Bstatic', '-Wl,-Bdynamic']
8
----------------------------------------
Platform
Windows-64bit detected based on compiler
----------------------------------------
Checking for compiler flags -m64
==>

int main(int argc, char **argv) {
	(void)argc; (void)argv;
	return 0;
}

<==
[1/1] Compiling [32mbuild\conf_check_a5af4fed87bfebd5a08c34f51a929f62\test.c[0m

['C:\\MinGw\\bin\\gcc.exe', '-m64', '..\\test.c', '-c', '-oC:\\Users\\Sauhard Gaming\\Desktop\\Test\\pyinstaller\\bootloader\\build\\conf_check_a5af4fed87bfebd5a08c34f51a929f62\\testbuild\\test.c.1.o']
yes
----------------------------------------
Checking for linker flags -m64
==>

int main(int argc, char **argv) {
	(void)argc; (void)argv;
	return 0;
}

<==
[1/2] Compiling [32mbuild\conf_check_dba6f373d65fae0d664846477d067c82\test.c[0m

['C:\\MinGw\\bin\\gcc.exe', '-m64', '..\\test.c', '-c', '-oC:\\Users\\Sauhard Gaming\\Desktop\\Test\\pyinstaller\\bootloader\\build\\conf_check_dba6f373d65fae0d664846477d067c82\\testbuild\\test.c.1.o']
[2/2] Linking [33mbuild\conf_check_dba6f373d65fae0d664846477d067c82\testbuild\testprog.exe[0m

['C:\\MinGw\\bin\\gcc.exe', '-Wl,--enable-auto-import', '-m64', 'test.c.1.o', '-oC:\\Users\\Sauhard Gaming\\Desktop\\Test\\pyinstaller\\bootloader\\build\\conf_check_dba6f373d65fae0d664846477d067c82\\testbuild\\testprog.exe', '-Wl,-Bstatic', '-Wl,-Bdynamic']
yes
----------------------------------------
Checking for library user32
==>

int main(int argc, char **argv) {
	(void)argc; (void)argv;
	return 0;
}

<==
[1/2] Compiling [32mbuild\conf_check_be63a312ad3341e8a610012eff37686a\test.c[0m

['C:\\MinGw\\bin\\gcc.exe', '-m64', '-O2', '-Wall', '-Werror', '-Wno-error=unused-variable', '-Wno-error=unused-function', '-Wno-unused-variable', '-Wno-unused-function', '-DWIN32', '-DNTDDI_VERSION=0x06010000', '-D_WIN32_WINNT=0x0601', '..\\test.c', '-c', '-oC:\\Users\\Sauhard Gaming\\Desktop\\Test\\pyinstaller\\bootloader\\build\\conf_check_be63a312ad3341e8a610012eff37686a\\testbuild\\test.c.1.o']
[2/2] Linking [33mbuild\conf_check_be63a312ad3341e8a610012eff37686a\testbuild\testprog.exe[0m

['C:\\MinGw\\bin\\gcc.exe', '-Wl,--enable-auto-import', '-m64', 'test.c.1.o', '-oC:\\Users\\Sauhard Gaming\\Desktop\\Test\\pyinstaller\\bootloader\\build\\conf_check_be63a312ad3341e8a610012eff37686a\\testbuild\\testprog.exe', '-Wl,-Bstatic', '-Wl,-Bdynamic', '-luser32']
yes
----------------------------------------
Checking for library comctl32
==>

int main(int argc, char **argv) {
	(void)argc; (void)argv;
	return 0;
}

<==
[1/2] Compiling [32mbuild\conf_check_a244abae7e6fe988a9ed2aa5997b18a8\test.c[0m

['C:\\MinGw\\bin\\gcc.exe', '-m64', '-O2', '-Wall', '-Werror', '-Wno-error=unused-variable', '-Wno-error=unused-function', '-Wno-unused-variable', '-Wno-unused-function', '-DWIN32', '-DNTDDI_VERSION=0x06010000', '-D_WIN32_WINNT=0x0601', '..\\test.c', '-c', '-oC:\\Users\\Sauhard Gaming\\Desktop\\Test\\pyinstaller\\bootloader\\build\\conf_check_a244abae7e6fe988a9ed2aa5997b18a8\\testbuild\\test.c.1.o']
[2/2] Linking [33mbuild\conf_check_a244abae7e6fe988a9ed2aa5997b18a8\testbuild\testprog.exe[0m

['C:\\MinGw\\bin\\gcc.exe', '-Wl,--enable-auto-import', '-m64', 'test.c.1.o', '-oC:\\Users\\Sauhard Gaming\\Desktop\\Test\\pyinstaller\\bootloader\\build\\conf_check_a244abae7e6fe988a9ed2aa5997b18a8\\testbuild\\testprog.exe', '-Wl,-Bstatic', '-Wl,-Bdynamic', '-lcomctl32']
yes
----------------------------------------
Checking for library kernel32
==>

int main(int argc, char **argv) {
	(void)argc; (void)argv;
	return 0;
}

<==
[1/2] Compiling [32mbuild\conf_check_9d9d97c7edb36c6e6f34ced481a64707\test.c[0m

['C:\\MinGw\\bin\\gcc.exe', '-m64', '-O2', '-Wall', '-Werror', '-Wno-error=unused-variable', '-Wno-error=unused-function', '-Wno-unused-variable', '-Wno-unused-function', '-DWIN32', '-DNTDDI_VERSION=0x06010000', '-D_WIN32_WINNT=0x0601', '..\\test.c', '-c', '-oC:\\Users\\Sauhard Gaming\\Desktop\\Test\\pyinstaller\\bootloader\\build\\conf_check_9d9d97c7edb36c6e6f34ced481a64707\\testbuild\\test.c.1.o']
[2/2] Linking [33mbuild\conf_check_9d9d97c7edb36c6e6f34ced481a64707\testbuild\testprog.exe[0m

['C:\\MinGw\\bin\\gcc.exe', '-Wl,--enable-auto-import', '-m64', 'test.c.1.o', '-oC:\\Users\\Sauhard Gaming\\Desktop\\Test\\pyinstaller\\bootloader\\build\\conf_check_9d9d97c7edb36c6e6f34ced481a64707\\testbuild\\testprog.exe', '-Wl,-Bstatic', '-Wl,-Bdynamic', '-lkernel32']
yes
----------------------------------------
Checking for library advapi32
==>

int main(int argc, char **argv) {
	(void)argc; (void)argv;
	return 0;
}

<==
[1/2] Compiling [32mbuild\conf_check_062d96c58615c8ae8481712a7f08f7c3\test.c[0m

['C:\\MinGw\\bin\\gcc.exe', '-m64', '-O2', '-Wall', '-Werror', '-Wno-error=unused-variable', '-Wno-error=unused-function', '-Wno-unused-variable', '-Wno-unused-function', '-DWIN32', '-DNTDDI_VERSION=0x06010000', '-D_WIN32_WINNT=0x0601', '..\\test.c', '-c', '-oC:\\Users\\Sauhard Gaming\\Desktop\\Test\\pyinstaller\\bootloader\\build\\conf_check_062d96c58615c8ae8481712a7f08f7c3\\testbuild\\test.c.1.o']
[2/2] Linking [33mbuild\conf_check_062d96c58615c8ae8481712a7f08f7c3\testbuild\testprog.exe[0m

['C:\\MinGw\\bin\\gcc.exe', '-Wl,--enable-auto-import', '-m64', 'test.c.1.o', '-oC:\\Users\\Sauhard Gaming\\Desktop\\Test\\pyinstaller\\bootloader\\build\\conf_check_062d96c58615c8ae8481712a7f08f7c3\\testbuild\\testprog.exe', '-Wl,-Bstatic', '-Wl,-Bdynamic', '-ladvapi32']
yes
----------------------------------------
Checking for library gdi32
==>

int main(int argc, char **argv) {
	(void)argc; (void)argv;
	return 0;
}

<==
[1/2] Compiling [32mbuild\conf_check_3f5c0a4fc3c6871292956abc555fddc4\test.c[0m

['C:\\MinGw\\bin\\gcc.exe', '-m64', '-O2', '-Wall', '-Werror', '-Wno-error=unused-variable', '-Wno-error=unused-function', '-Wno-unused-variable', '-Wno-unused-function', '-DWIN32', '-DNTDDI_VERSION=0x06010000', '-D_WIN32_WINNT=0x0601', '..\\test.c', '-c', '-oC:\\Users\\Sauhard Gaming\\Desktop\\Test\\pyinstaller\\bootloader\\build\\conf_check_3f5c0a4fc3c6871292956abc555fddc4\\testbuild\\test.c.1.o']
[2/2] Linking [33mbuild\conf_check_3f5c0a4fc3c6871292956abc555fddc4\testbuild\testprog.exe[0m

['C:\\MinGw\\bin\\gcc.exe', '-Wl,--enable-auto-import', '-m64', 'test.c.1.o', '-oC:\\Users\\Sauhard Gaming\\Desktop\\Test\\pyinstaller\\bootloader\\build\\conf_check_3f5c0a4fc3c6871292956abc555fddc4\\testbuild\\testprog.exe', '-Wl,-Bstatic', '-Wl,-Bdynamic', '-lgdi32']
yes
----------------------------------------
Checking for library cmocka
==>

int main(int argc, char **argv) {
	(void)argc; (void)argv;
	return 0;
}

<==
[1/2] Compiling [32mbuild\conf_check_502bba7fb67cac65df575a80b7425a2e\test.c[0m

['C:\\MinGw\\bin\\gcc.exe', '-m64', '-O2', '-Wall', '-Werror', '-Wno-error=unused-variable', '-Wno-error=unused-function', '-Wno-unused-variable', '-Wno-unused-function', '-DWIN32', '-DNTDDI_VERSION=0x06010000', '-D_WIN32_WINNT=0x0601', '..\\test.c', '-c', '-oC:\\Users\\Sauhard Gaming\\Desktop\\Test\\pyinstaller\\bootloader\\build\\conf_check_502bba7fb67cac65df575a80b7425a2e\\testbuild\\test.c.1.o']
[2/2] Linking [33mbuild\conf_check_502bba7fb67cac65df575a80b7425a2e\testbuild\testprog.exe[0m

['C:\\MinGw\\bin\\gcc.exe', '-Wl,--enable-auto-import', '-m64', 'test.c.1.o', '-oC:\\Users\\Sauhard Gaming\\Desktop\\Test\\pyinstaller\\bootloader\\build\\conf_check_502bba7fb67cac65df575a80b7425a2e\\testbuild\\testprog.exe', '-Wl,-Bstatic', '-Wl,-Bdynamic', '-lcmocka']
err: C:/MinGw/bin/../lib/gcc/x86_64-w64-mingw32/8.1.0/../../../../x86_64-w64-mingw32/bin/ld.exe: cannot find -lcmocka
collect2.exe: error: ld returned 1 exit status

from C:\Users\Sauhard Gaming\Desktop\Test\pyinstaller\bootloader\tests: Test does not build: Traceback (most recent call last):
  File "C:\Users\Sauhard Gaming\Desktop\Test\pyinstaller\bootloader\waflib\Configure.py", line 383, in run_build
    bld.compile()
  File "C:\Users\Sauhard Gaming\Desktop\Test\pyinstaller\bootloader\waflib\Build.py", line 191, in compile
    raise Errors.BuildError(self.producer.error)
waflib.Errors.BuildError: Build failed
 -> task in 'testprog' failed with exit status 1 (run with -v to display more information)

not found
from C:\Users\Sauhard Gaming\Desktop\Test\pyinstaller\bootloader\tests: The configuration failed
----------------------------------------
Checking for function unsetenv
==>

    #include <stdlib.h>

    int main(int argc, char **argv) {
        void (*p)();

        (void)argc; (void)argv;
        p=(void(*)())(unsetenv);
        return !p;
    }

<==
[1/2] Compiling [32mbuild\conf_check_47f9577f4a2f44700be73a944d30341c\test.c[0m

['C:\\MinGw\\bin\\gcc.exe', '-m64', '-O2', '-Wall', '-Werror', '-Wno-error=unused-variable', '-Wno-error=unused-function', '-Wno-unused-variable', '-Wno-unused-function', '-DWIN32', '-DNTDDI_VERSION=0x06010000', '-D_WIN32_WINNT=0x0601', '..\\test.c', '-c', '-oC:\\Users\\Sauhard Gaming\\Desktop\\Test\\pyinstaller\\bootloader\\build\\conf_check_47f9577f4a2f44700be73a944d30341c\\testbuild\\test.c.1.o']
err: ..\test.c: In function 'main':
..\test.c:8:23: error: 'unsetenv' undeclared (first use in this function); did you mean '_wgetenv'?
         p=(void(*)())(unsetenv);
                       ^~~~~~~~
                       _wgetenv
..\test.c:8:23: note: each undeclared identifier is reported only once for each function it appears in

from C:\Users\Sauhard Gaming\Desktop\Test\pyinstaller\bootloader: Test does not build: Traceback (most recent call last):
  File "C:\Users\Sauhard Gaming\Desktop\Test\pyinstaller\bootloader\waflib\Configure.py", line 383, in run_build
    bld.compile()
  File "C:\Users\Sauhard Gaming\Desktop\Test\pyinstaller\bootloader\waflib\Build.py", line 191, in compile
    raise Errors.BuildError(self.producer.error)
waflib.Errors.BuildError: Build failed
 -> task in 'testprog' failed with exit status 1 (run with -v to display more information)

no
from C:\Users\Sauhard Gaming\Desktop\Test\pyinstaller\bootloader: The configuration failed
----------------------------------------
Checking for function mkdtemp
==>

    #include <stdlib.h>

    int main(int argc, char **argv) {
        void (*p)();

        (void)argc; (void)argv;
        p=(void(*)())(mkdtemp);
        return !p;
    }

<==
[1/2] Compiling [32mbuild\conf_check_9e5b3abc8e34247a033a40b9a2320f39\test.c[0m

['C:\\MinGw\\bin\\gcc.exe', '-m64', '-O2', '-Wall', '-Werror', '-Wno-error=unused-variable', '-Wno-error=unused-function', '-Wno-unused-variable', '-Wno-unused-function', '-DWIN32', '-DNTDDI_VERSION=0x06010000', '-D_WIN32_WINNT=0x0601', '..\\test.c', '-c', '-oC:\\Users\\Sauhard Gaming\\Desktop\\Test\\pyinstaller\\bootloader\\build\\conf_check_9e5b3abc8e34247a033a40b9a2320f39\\testbuild\\test.c.1.o']
err: ..\test.c: In function 'main':
..\test.c:8:23: error: 'mkdtemp' undeclared (first use in this function); did you mean 'mkstemp'?
         p=(void(*)())(mkdtemp);
                       ^~~~~~~
                       mkstemp
..\test.c:8:23: note: each undeclared identifier is reported only once for each function it appears in

from C:\Users\Sauhard Gaming\Desktop\Test\pyinstaller\bootloader: Test does not build: Traceback (most recent call last):
  File "C:\Users\Sauhard Gaming\Desktop\Test\pyinstaller\bootloader\waflib\Configure.py", line 383, in run_build
    bld.compile()
  File "C:\Users\Sauhard Gaming\Desktop\Test\pyinstaller\bootloader\waflib\Build.py", line 191, in compile
    raise Errors.BuildError(self.producer.error)
waflib.Errors.BuildError: Build failed
 -> task in 'testprog' failed with exit status 1 (run with -v to display more information)

no
from C:\Users\Sauhard Gaming\Desktop\Test\pyinstaller\bootloader: The configuration failed
----------------------------------------
Checking for function dirname
==>

    #include <libgen.h>

    int main(int argc, char **argv) {
        void (*p)();

        (void)argc; (void)argv;
        p=(void(*)())(dirname);
        return !p;
    }

<==
[1/2] Compiling [32mbuild\conf_check_db20d79d9a0005db2d8e4b94c4335403\test.c[0m

['C:\\MinGw\\bin\\gcc.exe', '-m64', '-O2', '-Wall', '-Werror', '-Wno-error=unused-variable', '-Wno-error=unused-function', '-Wno-unused-variable', '-Wno-unused-function', '-DWIN32', '-DNTDDI_VERSION=0x06010000', '-D_WIN32_WINNT=0x0601', '..\\test.c', '-c', '-oC:\\Users\\Sauhard Gaming\\Desktop\\Test\\pyinstaller\\bootloader\\build\\conf_check_db20d79d9a0005db2d8e4b94c4335403\\testbuild\\test.c.1.o']
[2/2] Linking [33mbuild\conf_check_db20d79d9a0005db2d8e4b94c4335403\testbuild\testprog.exe[0m

['C:\\MinGw\\bin\\gcc.exe', '-Wl,--enable-auto-import', '-m64', 'test.c.1.o', '-oC:\\Users\\Sauhard Gaming\\Desktop\\Test\\pyinstaller\\bootloader\\build\\conf_check_db20d79d9a0005db2d8e4b94c4335403\\testbuild\\testprog.exe', '-Wl,-Bstatic', '-Wl,-Bdynamic']
yes
----------------------------------------
Checking for function basename
==>

    #include <libgen.h>

    int main(int argc, char **argv) {
        void (*p)();

        (void)argc; (void)argv;
        p=(void(*)())(basename);
        return !p;
    }

<==
[1/2] Compiling [32mbuild\conf_check_7a60da941d6bc6adb1bec3bf8483b0d3\test.c[0m

['C:\\MinGw\\bin\\gcc.exe', '-m64', '-O2', '-Wall', '-Werror', '-Wno-error=unused-variable', '-Wno-error=unused-function', '-Wno-unused-variable', '-Wno-unused-function', '-DWIN32', '-DNTDDI_VERSION=0x06010000', '-D_WIN32_WINNT=0x0601', '-DHAVE_DIRNAME=1', '..\\test.c', '-c', '-oC:\\Users\\Sauhard Gaming\\Desktop\\Test\\pyinstaller\\bootloader\\build\\conf_check_7a60da941d6bc6adb1bec3bf8483b0d3\\testbuild\\test.c.1.o']
[2/2] Linking [33mbuild\conf_check_7a60da941d6bc6adb1bec3bf8483b0d3\testbuild\testprog.exe[0m

['C:\\MinGw\\bin\\gcc.exe', '-Wl,--enable-auto-import', '-m64', 'test.c.1.o', '-oC:\\Users\\Sauhard Gaming\\Desktop\\Test\\pyinstaller\\bootloader\\build\\conf_check_7a60da941d6bc6adb1bec3bf8483b0d3\\testbuild\\testprog.exe', '-Wl,-Bstatic', '-Wl,-Bdynamic']
yes
----------------------------------------
Checking for function strndup
==>

    #include <string.h>

    int main(int argc, char **argv) {
        void (*p)();

        (void)argc; (void)argv;
        p=(void(*)())(strndup);
        return !p;
    }

<==
[1/2] Compiling [32mbuild\conf_check_3e6880b26337bd63df3b09bce04348be\test.c[0m

['C:\\MinGw\\bin\\gcc.exe', '-m64', '-O2', '-Wall', '-Werror', '-Wno-error=unused-variable', '-Wno-error=unused-function', '-Wno-unused-variable', '-Wno-unused-function', '-DWIN32', '-DNTDDI_VERSION=0x06010000', '-D_WIN32_WINNT=0x0601', '-DHAVE_DIRNAME=1', '-DHAVE_BASENAME=1', '..\\test.c', '-c', '-oC:\\Users\\Sauhard Gaming\\Desktop\\Test\\pyinstaller\\bootloader\\build\\conf_check_3e6880b26337bd63df3b09bce04348be\\testbuild\\test.c.1.o']
err: ..\test.c: In function 'main':
..\test.c:8:23: error: 'strndup' undeclared (first use in this function); did you mean 'strdup'?
         p=(void(*)())(strndup);
                       ^~~~~~~
                       strdup
..\test.c:8:23: note: each undeclared identifier is reported only once for each function it appears in

from C:\Users\Sauhard Gaming\Desktop\Test\pyinstaller\bootloader: Test does not build: Traceback (most recent call last):
  File "C:\Users\Sauhard Gaming\Desktop\Test\pyinstaller\bootloader\waflib\Configure.py", line 383, in run_build
    bld.compile()
  File "C:\Users\Sauhard Gaming\Desktop\Test\pyinstaller\bootloader\waflib\Build.py", line 191, in compile
    raise Errors.BuildError(self.producer.error)
waflib.Errors.BuildError: Build failed
 -> task in 'testprog' failed with exit status 1 (run with -v to display more information)

no
from C:\Users\Sauhard Gaming\Desktop\Test\pyinstaller\bootloader: The configuration failed
----------------------------------------
Checking for function strnlen
==>

    #include <string.h>

    int main(int argc, char **argv) {
        void (*p)();

        (void)argc; (void)argv;
        p=(void(*)())(strnlen);
        return !p;
    }

<==
[1/2] Compiling [32mbuild\conf_check_3c58c7eb881141f6b2c840c7b12581f8\test.c[0m

['C:\\MinGw\\bin\\gcc.exe', '-m64', '-O2', '-Wall', '-Werror', '-Wno-error=unused-variable', '-Wno-error=unused-function', '-Wno-unused-variable', '-Wno-unused-function', '-DWIN32', '-DNTDDI_VERSION=0x06010000', '-D_WIN32_WINNT=0x0601', '-DHAVE_DIRNAME=1', '-DHAVE_BASENAME=1', '..\\test.c', '-c', '-oC:\\Users\\Sauhard Gaming\\Desktop\\Test\\pyinstaller\\bootloader\\build\\conf_check_3c58c7eb881141f6b2c840c7b12581f8\\testbuild\\test.c.1.o']
[2/2] Linking [33mbuild\conf_check_3c58c7eb881141f6b2c840c7b12581f8\testbuild\testprog.exe[0m

['C:\\MinGw\\bin\\gcc.exe', '-Wl,--enable-auto-import', '-m64', 'test.c.1.o', '-oC:\\Users\\Sauhard Gaming\\Desktop\\Test\\pyinstaller\\bootloader\\build\\conf_check_3c58c7eb881141f6b2c840c7b12581f8\\testbuild\\testprog.exe', '-Wl,-Bstatic', '-Wl,-Bdynamic']
yes
----------------------------------------
Checking for program 'strip'
C:\MinGw\bin\strip.exe
find program=['strip'] paths=['C:\\MinGw\\bin', 'C:\\WINDOWS\\system32', 'C:\\WINDOWS', 'C:\\WINDOWS\\system32\\Wbem', 'C:\\Program Files\\Common Files\\Oracle\\Java\\javapath', 'C:\\Program Files (x86)\\Common Files\\Intel\\Shared Libraries\\redist\\intel64\\compiler', 'C:\\Program Files (x86)\\Common Files\\Oracle\\Java\\javapath', 'C:\\WINDOWS\\System32\\WindowsPowerShell\\v1.0\\', 'C:\\WINDOWS\\System32\\OpenSSH\\', 'C:\\Program Files\\nodejs\\', 'C:\\Program Files\\Microsoft\\Web Platform Installer\\', 'C:\\Program Files (x86)\\Microsoft ASP.NET\\ASP.NET Web Pages\\v1.0\\', 'C:\\Program Files\\Microsoft SQL Server\\110\\Tools\\Binn\\', 'C:\\Program Files\\Git\\cmd', 'C:\\Program Files\\Microsoft Network Monitor 3\\', 'C:\\Program Files\\dotnet\\', 'C:\\Program Files\\Go\\bin', 'C:\\MinGw', 'C:\\MinGw\\bin', 'C:\\Ruby31-x64\\bin', 'C:\\Users\\Sauhard Gaming\\.cargo\\bin', 'C:\\Users\\Sauhard Gaming\\AppData\\Local\\Programs\\Python\\Python310\\Scripts\\', 'C:\\Users\\Sauhard Gaming\\AppData\\Local\\Programs\\Python\\Python310\\', 'C:\\ffmpeg\\bin', 'C:\\Users\\Sauhard Gaming\\AppData\\Local\\Microsoft\\WindowsApps', 'C:\\Users\\Sauhard Gaming\\AppData\\Roaming\\npm', 'C:\\Program Files (x86)\\FreeArc\\bin', 'C:\\Program Files\\JetBrains\\PyCharm Community Edition 2021.2.2\\bin', 'C:\\Users\\Sauhard Gaming\\AppData\\Local\\Programs\\Fiddler', 'C:\\Program Files\\Java\\jdk-17\\bin', 'C:\\Program Files (x86)\\Microsoft Visual Studio\\2017\\Community\\MSBuild\\15.0\\Bin\\Roslyn', 'C:\\Users\\Sauhard Gaming\\.dotnet\\tools', 'C:\\Users\\Sauhard Gaming\\AppData\\Local\\Programs\\Microsoft VS Code\\bin', 'C:\\MinGW\\bin\\', 'C:\\Windows\\ADB', 'C:\\Users\\Sauhard Gaming\\go\\bin'] var='STRIP' -> ['C:\\MinGw\\bin\\strip.exe']
----------------------------------------
Checking for program 'strip'
C:\MinGw\bin\strip.exe
find program=['strip'] paths=['C:\\WINDOWS\\system32', 'C:\\WINDOWS', 'C:\\WINDOWS\\system32\\Wbem', 'C:\\Program Files\\Common Files\\Oracle\\Java\\javapath', 'C:\\Program Files (x86)\\Common Files\\Intel\\Shared Libraries\\redist\\intel64\\compiler', 'C:\\Program Files (x86)\\Common Files\\Oracle\\Java\\javapath', 'C:\\WINDOWS\\System32\\WindowsPowerShell\\v1.0\\', 'C:\\WINDOWS\\System32\\OpenSSH\\', 'C:\\Program Files\\nodejs\\', 'C:\\Program Files\\Microsoft\\Web Platform Installer\\', 'C:\\Program Files (x86)\\Microsoft ASP.NET\\ASP.NET Web Pages\\v1.0\\', 'C:\\Program Files\\Microsoft SQL Server\\110\\Tools\\Binn\\', 'C:\\Program Files\\Git\\cmd', 'C:\\Program Files\\Microsoft Network Monitor 3\\', 'C:\\Program Files\\dotnet\\', 'C:\\Program Files\\Go\\bin', 'C:\\MinGw', 'C:\\MinGw\\bin', 'C:\\Ruby31-x64\\bin', 'C:\\Users\\Sauhard Gaming\\.cargo\\bin', 'C:\\Users\\Sauhard Gaming\\AppData\\Local\\Programs\\Python\\Python310\\Scripts\\', 'C:\\Users\\Sauhard Gaming\\AppData\\Local\\Programs\\Python\\Python310\\', 'C:\\ffmpeg\\bin', 'C:\\Users\\Sauhard Gaming\\AppData\\Local\\Microsoft\\WindowsApps', 'C:\\Users\\Sauhard Gaming\\AppData\\Roaming\\npm', 'C:\\Program Files (x86)\\FreeArc\\bin', 'C:\\Program Files\\JetBrains\\PyCharm Community Edition 2021.2.2\\bin', 'C:\\Users\\Sauhard Gaming\\AppData\\Local\\Programs\\Fiddler', 'C:\\Program Files\\Java\\jdk-17\\bin', 'C:\\Program Files (x86)\\Microsoft Visual Studio\\2017\\Community\\MSBuild\\15.0\\Bin\\Roslyn', 'C:\\Users\\Sauhard Gaming\\.dotnet\\tools', 'C:\\Users\\Sauhard Gaming\\AppData\\Local\\Programs\\Microsoft VS Code\\bin', 'C:\\MinGW\\bin\\', 'C:\\Windows\\ADB', 'C:\\Users\\Sauhard Gaming\\go\\bin'] var='STRIP' -> ['C:\\MinGw\\bin\\strip.exe']
